# JRE version: OpenJDK Runtime Environment Temurin-17.0.4.1+1 (17.0.4.1+1) (build 17.0.4.1+1)
# Java VM: OpenJDK 64-Bit Server VM Temurin-17.0.4.1+1 (17.0.4.1+1, mixed mode, tiered, compressed oops, compressed class ptrs, parallel gc, windows-amd64)
GC Precious Log:
 CPUs: 4 total, 4 available
 Memory: 8150M
 Large Page Support: Disabled
 NUMA Support: Disabled
 Compressed Oops: Enabled (32-bit)
 Alignments: Space 512K, Generation 512K, Heap 2M
 Heap Min Capacity: 100M
 Heap Initial Capacity: 100M
 Heap Max Capacity: 1G
 Pre-touch: Disabled
 Parallel Workers: 4
Heap:
 PSYoungGen      total 9216K, used 8066K [0x00000000eab00000, 0x00000000eb700000, 0x0000000100000000)
  eden space 7168K, 89% used [0x00000000eab00000,0x00000000eb14bce8,0x00000000eb200000)
  from space 2048K, 79% used [0x00000000eb400000,0x00000000eb594d10,0x00000000eb600000)
  to   space 2048K, 0% used [0x00000000eb200000,0x00000000eb200000,0x00000000eb400000)
 ParOldGen       total 137728K, used 99696K [0x00000000c0000000, 0x00000000c8680000, 0x00000000eab00000)
  object space 137728K, 72% used [0x00000000c0000000,0x00000000c615c258,0x00000000c8680000)
 Metaspace       used 79458K, committed 80576K, reserved 1122304K
  class space    used 8261K, committed 8768K, reserved 1048576K
GC Heap History (20 events):
Event: 38670.932 GC heap before
{Heap before GC invocations=200 (full 8):
 PSYoungGen      total 6656K, used 6580K [0x00000000eab00000, 0x00000000eb780000, 0x0000000100000000)
  eden space 5120K, 100% used [0x00000000eab00000,0x00000000eb000000,0x00000000eb000000)
  from space 1536K, 95% used [0x00000000eb600000,0x00000000eb76d220,0x00000000eb780000)
  to   space 2048K, 0% used [0x00000000eb380000,0x00000000eb380000,0x00000000eb580000)
 ParOldGen       total 137728K, used 97307K [0x00000000c0000000, 0x00000000c8680000, 0x00000000eab00000)
  object space 137728K, 70% used [0x00000000c0000000,0x00000000c5f06f38,0x00000000c8680000)
 Metaspace       used 79350K, committed 80512K, reserved 1122304K
  class space    used 8261K, committed 8768K, reserved 1048576K
}
Event: 38670.934 GC heap after
{Heap after GC invocations=200 (full 8):
 PSYoungGen      total 6656K, used 1508K [0x00000000eab00000, 0x00000000eb680000, 0x0000000100000000)
  eden space 5120K, 0% used [0x00000000eab00000,0x00000000eab00000,0x00000000eb000000)
  from space 1536K, 98% used [0x00000000eb380000,0x00000000eb4f9230,0x00000000eb500000)
  to   space 1536K, 0% used [0x00000000eb500000,0x00000000eb500000,0x00000000eb680000)
 ParOldGen       total 137728K, used 97307K [0x00000000c0000000, 0x00000000c8680000, 0x00000000eab00000)
  object space 137728K, 70% used [0x00000000c0000000,0x00000000c5f06f38,0x00000000c8680000)
 Metaspace       used 79350K, committed 80512K, reserved 1122304K
  class space    used 8261K, committed 8768K, reserved 1048576K
}
Event: 38670.944 GC heap before
{Heap before GC invocations=201 (full 8):
 PSYoungGen      total 6656K, used 6628K [0x00000000eab00000, 0x00000000eb680000, 0x0000000100000000)
  eden space 5120K, 100% used [0x00000000eab00000,0x00000000eb000000,0x00000000eb000000)
  from space 1536K, 98% used [0x00000000eb380000,0x00000000eb4f9230,0x00000000eb500000)
  to   space 1536K, 0% used [0x00000000eb500000,0x00000000eb500000,0x00000000eb680000)
 ParOldGen       total 137728K, used 97307K [0x00000000c0000000, 0x00000000c8680000, 0x00000000eab00000)
  object space 137728K, 70% used [0x00000000c0000000,0x00000000c5f06f38,0x00000000c8680000)
 Metaspace       used 79350K, committed 80512K, reserved 1122304K
  class space    used 8261K, committed 8768K, reserved 1048576K
}
Event: 38670.945 GC heap after
{Heap after GC invocations=201 (full 8):
 PSYoungGen      total 7680K, used 1508K [0x00000000eab00000, 0x00000000eb680000, 0x0000000100000000)
  eden space 6144K, 0% used [0x00000000eab00000,0x00000000eab00000,0x00000000eb100000)
  from space 1536K, 98% used [0x00000000eb500000,0x00000000eb679230,0x00000000eb680000)
  to   space 2048K, 0% used [0x00000000eb280000,0x00000000eb280000,0x00000000eb480000)
 ParOldGen       total 137728K, used 97339K [0x00000000c0000000, 0x00000000c8680000, 0x00000000eab00000)
  object space 137728K, 70% used [0x00000000c0000000,0x00000000c5f0ef48,0x00000000c8680000)
 Metaspace       used 79350K, committed 80512K, reserved 1122304K
  class space    used 8261K, committed 8768K, reserved 1048576K
}
Event: 38670.953 GC heap before
{Heap before GC invocations=202 (full 8):
 PSYoungGen      total 7680K, used 7652K [0x00000000eab00000, 0x00000000eb680000, 0x0000000100000000)
  eden space 6144K, 100% used [0x00000000eab00000,0x00000000eb100000,0x00000000eb100000)
  from space 1536K, 98% used [0x00000000eb500000,0x00000000eb679230,0x00000000eb680000)
  to   space 2048K, 0% used [0x00000000eb280000,0x00000000eb280000,0x00000000eb480000)
 ParOldGen       total 137728K, used 97339K [0x00000000c0000000, 0x00000000c8680000, 0x00000000eab00000)
  object space 137728K, 70% used [0x00000000c0000000,0x00000000c5f0ef48,0x00000000c8680000)
 Metaspace       used 79350K, committed 80512K, reserved 1122304K
  class space    used 8261K, committed 8768K, reserved 1048576K
}
Event: 38670.955 GC heap after
{Heap after GC invocations=202 (full 8):
 PSYoungGen      total 9216K, used 1732K [0x00000000eab00000, 0x00000000eb600000, 0x0000000100000000)
  eden space 7168K, 0% used [0x00000000eab00000,0x00000000eab00000,0x00000000eb200000)
  from space 2048K, 84% used [0x00000000eb280000,0x00000000eb431230,0x00000000eb480000)
  to   space 1536K, 0% used [0x00000000eb480000,0x00000000eb480000,0x00000000eb600000)
 ParOldGen       total 137728K, used 97339K [0x00000000c0000000, 0x00000000c8680000, 0x00000000eab00000)
  object space 137728K, 70% used [0x00000000c0000000,0x00000000c5f0ef48,0x00000000c8680000)
 Metaspace       used 79350K, committed 80512K, reserved 1122304K
  class space    used 8261K, committed 8768K, reserved 1048576K
}
Event: 38671.147 GC heap before
{Heap before GC invocations=203 (full 8):
 PSYoungGen      total 9216K, used 8900K [0x00000000eab00000, 0x00000000eb600000, 0x0000000100000000)
  eden space 7168K, 100% used [0x00000000eab00000,0x00000000eb200000,0x00000000eb200000)
  from space 2048K, 84% used [0x00000000eb280000,0x00000000eb431230,0x00000000eb480000)
  to   space 1536K, 0% used [0x00000000eb480000,0x00000000eb480000,0x00000000eb600000)
 ParOldGen       total 137728K, used 97339K [0x00000000c0000000, 0x00000000c8680000, 0x00000000eab00000)
  object space 137728K, 70% used [0x00000000c0000000,0x00000000c5f0ef48,0x00000000c8680000)
 Metaspace       used 79412K, committed 80576K, reserved 1122304K
  class space    used 8261K, committed 8768K, reserved 1048576K
}
Event: 38671.149 GC heap after
{Heap after GC invocations=203 (full 8):
 PSYoungGen      total 8704K, used 1529K [0x00000000eab00000, 0x00000000eb800000, 0x0000000100000000)
  eden space 7168K, 0% used [0x00000000eab00000,0x00000000eab00000,0x00000000eb200000)
  from space 1536K, 99% used [0x00000000eb480000,0x00000000eb5fe430,0x00000000eb600000)
  to   space 2560K, 0% used [0x00000000eb200000,0x00000000eb200000,0x00000000eb480000)
 ParOldGen       total 137728K, used 97979K [0x00000000c0000000, 0x00000000c8680000, 0x00000000eab00000)
  object space 137728K, 71% used [0x00000000c0000000,0x00000000c5faefa8,0x00000000c8680000)
 Metaspace       used 79412K, committed 80576K, reserved 1122304K
  class space    used 8261K, committed 8768K, reserved 1048576K
}
Event: 38671.180 GC heap before
{Heap before GC invocations=204 (full 8):
 PSYoungGen      total 8704K, used 8697K [0x00000000eab00000, 0x00000000eb800000, 0x0000000100000000)
  eden space 7168K, 100% used [0x00000000eab00000,0x00000000eb200000,0x00000000eb200000)
  from space 1536K, 99% used [0x00000000eb480000,0x00000000eb5fe430,0x00000000eb600000)
  to   space 2560K, 0% used [0x00000000eb200000,0x00000000eb200000,0x00000000eb480000)
 ParOldGen       total 137728K, used 97979K [0x00000000c0000000, 0x00000000c8680000, 0x00000000eab00000)
  object space 137728K, 71% used [0x00000000c0000000,0x00000000c5faefa8,0x00000000c8680000)
 Metaspace       used 79417K, committed 80576K, reserved 1122304K
  class space    used 8261K, committed 8768K, reserved 1048576K
}
Event: 38671.182 GC heap after
{Heap after GC invocations=204 (full 8):
 PSYoungGen      total 8704K, used 1065K [0x00000000eab00000, 0x00000000eb500000, 0x0000000100000000)
  eden space 7168K, 0% used [0x00000000eab00000,0x00000000eab00000,0x00000000eb200000)
  from space 1536K, 69% used [0x00000000eb200000,0x00000000eb30a420,0x00000000eb380000)
  to   space 1536K, 0% used [0x00000000eb380000,0x00000000eb380000,0x00000000eb500000)
 ParOldGen       total 137728K, used 98691K [0x00000000c0000000, 0x00000000c8680000, 0x00000000eab00000)
  object space 137728K, 71% used [0x00000000c0000000,0x00000000c6060fb8,0x00000000c8680000)
 Metaspace       used 79417K, committed 80576K, reserved 1122304K
  class space    used 8261K, committed 8768K, reserved 1048576K
}
Event: 38671.193 GC heap before
{Heap before GC invocations=205 (full 8):
 PSYoungGen      total 8704K, used 8233K [0x00000000eab00000, 0x00000000eb500000, 0x0000000100000000)
  eden space 7168K, 100% used [0x00000000eab00000,0x00000000eb200000,0x00000000eb200000)
  from space 1536K, 69% used [0x00000000eb200000,0x00000000eb30a420,0x00000000eb380000)
  to   space 1536K, 0% used [0x00000000eb380000,0x00000000eb380000,0x00000000eb500000)
 ParOldGen       total 137728K, used 98691K [0x00000000c0000000, 0x00000000c8680000, 0x00000000eab00000)
  object space 137728K, 71% used [0x00000000c0000000,0x00000000c6060fb8,0x00000000c8680000)
 Metaspace       used 79434K, committed 80576K, reserved 1122304K
  class space    used 8261K, committed 8768K, reserved 1048576K
}
Event: 38671.195 GC heap after
{Heap after GC invocations=205 (full 8):
 PSYoungGen      total 8704K, used 1161K [0x00000000eab00000, 0x00000000eb600000, 0x0000000100000000)
  eden space 7168K, 0% used [0x00000000eab00000,0x00000000eab00000,0x00000000eb200000)
  from space 1536K, 75% used [0x00000000eb380000,0x00000000eb4a2420,0x00000000eb500000)
  to   space 1536K, 0% used [0x00000000eb200000,0x00000000eb200000,0x00000000eb380000)
 ParOldGen       total 137728K, used 98699K [0x00000000c0000000, 0x00000000c8680000, 0x00000000eab00000)
  object space 137728K, 71% used [0x00000000c0000000,0x00000000c6062fb8,0x00000000c8680000)
 Metaspace       used 79434K, committed 80576K, reserved 1122304K
  class space    used 8261K, committed 8768K, reserved 1048576K
}
Event: 38671.221 GC heap before
{Heap before GC invocations=206 (full 8):
 PSYoungGen      total 8704K, used 8329K [0x00000000eab00000, 0x00000000eb600000, 0x0000000100000000)
  eden space 7168K, 100% used [0x00000000eab00000,0x00000000eb200000,0x00000000eb200000)
  from space 1536K, 75% used [0x00000000eb380000,0x00000000eb4a2420,0x00000000eb500000)
  to   space 1536K, 0% used [0x00000000eb200000,0x00000000eb200000,0x00000000eb380000)
 ParOldGen       total 137728K, used 98699K [0x00000000c0000000, 0x00000000c8680000, 0x00000000eab00000)
  object space 137728K, 71% used [0x00000000c0000000,0x00000000c6062fb8,0x00000000c8680000)
 Metaspace       used 79448K, committed 80576K, reserved 1122304K
  class space    used 8261K, committed 8768K, reserved 1048576K
}
Event: 38671.223 GC heap after
{Heap after GC invocations=206 (full 8):
 PSYoungGen      total 8704K, used 1533K [0x00000000eab00000, 0x00000000eb600000, 0x0000000100000000)
  eden space 7168K, 0% used [0x00000000eab00000,0x00000000eab00000,0x00000000eb200000)
  from space 1536K, 99% used [0x00000000eb200000,0x00000000eb37f600,0x00000000eb380000)
  to   space 2048K, 0% used [0x00000000eb400000,0x00000000eb400000,0x00000000eb600000)
 ParOldGen       total 137728K, used 98851K [0x00000000c0000000, 0x00000000c8680000, 0x00000000eab00000)
  object space 137728K, 71% used [0x00000000c0000000,0x00000000c6088fb8,0x00000000c8680000)
 Metaspace       used 79448K, committed 80576K, reserved 1122304K
  class space    used 8261K, committed 8768K, reserved 1048576K
}
Event: 38671.241 GC heap before
{Heap before GC invocations=207 (full 8):
 PSYoungGen      total 8704K, used 8701K [0x00000000eab00000, 0x00000000eb600000, 0x0000000100000000)
  eden space 7168K, 100% used [0x00000000eab00000,0x00000000eb200000,0x00000000eb200000)
  from space 1536K, 99% used [0x00000000eb200000,0x00000000eb37f600,0x00000000eb380000)
  to   space 2048K, 0% used [0x00000000eb400000,0x00000000eb400000,0x00000000eb600000)
 ParOldGen       total 137728K, used 98851K [0x00000000c0000000, 0x00000000c8680000, 0x00000000eab00000)
  object space 137728K, 71% used [0x00000000c0000000,0x00000000c6088fb8,0x00000000c8680000)
 Metaspace       used 79448K, committed 80576K, reserved 1122304K
  class space    used 8261K, committed 8768K, reserved 1048576K
}
Event: 38671.243 GC heap after
{Heap after GC invocations=207 (full 8):
 PSYoungGen      total 8704K, used 1390K [0x00000000eab00000, 0x00000000eb580000, 0x0000000100000000)
  eden space 7168K, 0% used [0x00000000eab00000,0x00000000eab00000,0x00000000eb200000)
  from space 1536K, 90% used [0x00000000eb400000,0x00000000eb55bb00,0x00000000eb580000)
  to   space 1536K, 0% used [0x00000000eb200000,0x00000000eb200000,0x00000000eb380000)
 ParOldGen       total 137728K, used 99152K [0x00000000c0000000, 0x00000000c8680000, 0x00000000eab00000)
  object space 137728K, 71% used [0x00000000c0000000,0x00000000c60d4208,0x00000000c8680000)
 Metaspace       used 79448K, committed 80576K, reserved 1122304K
  class space    used 8261K, committed 8768K, reserved 1048576K
}
Event: 38671.258 GC heap before
{Heap before GC invocations=208 (full 8):
 PSYoungGen      total 8704K, used 8558K [0x00000000eab00000, 0x00000000eb580000, 0x0000000100000000)
  eden space 7168K, 100% used [0x00000000eab00000,0x00000000eb200000,0x00000000eb200000)
  from space 1536K, 90% used [0x00000000eb400000,0x00000000eb55bb00,0x00000000eb580000)
  to   space 1536K, 0% used [0x00000000eb200000,0x00000000eb200000,0x00000000eb380000)
 ParOldGen       total 137728K, used 99152K [0x00000000c0000000, 0x00000000c8680000, 0x00000000eab00000)
  object space 137728K, 71% used [0x00000000c0000000,0x00000000c60d4208,0x00000000c8680000)
 Metaspace       used 79449K, committed 80576K, reserved 1122304K
  class space    used 8261K, committed 8768K, reserved 1048576K
}
Event: 38671.260 GC heap after
{Heap after GC invocations=208 (full 8):
 PSYoungGen      total 8704K, used 1517K [0x00000000eab00000, 0x00000000eb600000, 0x0000000100000000)
  eden space 7168K, 0% used [0x00000000eab00000,0x00000000eab00000,0x00000000eb200000)
  from space 1536K, 98% used [0x00000000eb200000,0x00000000eb37b610,0x00000000eb380000)
  to   space 2048K, 0% used [0x00000000eb400000,0x00000000eb400000,0x00000000eb600000)
 ParOldGen       total 137728K, used 99528K [0x00000000c0000000, 0x00000000c8680000, 0x00000000eab00000)
  object space 137728K, 72% used [0x00000000c0000000,0x00000000c6132248,0x00000000c8680000)
 Metaspace       used 79449K, committed 80576K, reserved 1122304K
  class space    used 8261K, committed 8768K, reserved 1048576K
}
Event: 38671.270 GC heap before
{Heap before GC invocations=209 (full 8):
 PSYoungGen      total 8704K, used 8685K [0x00000000eab00000, 0x00000000eb600000, 0x0000000100000000)
  eden space 7168K, 100% used [0x00000000eab00000,0x00000000eb200000,0x00000000eb200000)
  from space 1536K, 98% used [0x00000000eb200000,0x00000000eb37b610,0x00000000eb380000)
  to   space 2048K, 0% used [0x00000000eb400000,0x00000000eb400000,0x00000000eb600000)
 ParOldGen       total 137728K, used 99528K [0x00000000c0000000, 0x00000000c8680000, 0x00000000eab00000)
  object space 137728K, 72% used [0x00000000c0000000,0x00000000c6132248,0x00000000c8680000)
 Metaspace       used 79453K, committed 80576K, reserved 1122304K
  class space    used 8261K, committed 8768K, reserved 1048576K
}
Event: 38671.272 GC heap after
{Heap after GC invocations=209 (full 8):
 PSYoungGen      total 9216K, used 1619K [0x00000000eab00000, 0x00000000eb700000, 0x0000000100000000)
  eden space 7168K, 0% used [0x00000000eab00000,0x00000000eab00000,0x00000000eb200000)
  from space 2048K, 79% used [0x00000000eb400000,0x00000000eb594d10,0x00000000eb600000)
  to   space 2048K, 0% used [0x00000000eb200000,0x00000000eb200000,0x00000000eb400000)
 ParOldGen       total 137728K, used 99696K [0x00000000c0000000, 0x00000000c8680000, 0x00000000eab00000)
  object space 137728K, 72% used [0x00000000c0000000,0x00000000c615c258,0x00000000c8680000)
 Metaspace       used 79453K, committed 80576K, reserved 1122304K
  class space    used 8261K, committed 8768K, reserved 1048576K
}

